Using TensorFlow backend.
WARNING:tensorflow:From tcc.py:28: The name tf.reset_default_graph is deprecated. Please use tf.compat.v1.reset_default_graph instead.

WARNING:tensorflow:From tcc.py:29: The name tf.set_random_seed is deprecated. Please use tf.compat.v1.set_random_seed instead.

2019-11-10 12:46:09.232221: W tensorflow/stream_executor/platform/default/dso_loader.cc:55] Could not load dynamic library 'libcuda.so.1'; dlerror: libcuda.so.1: cannot open shared object file: No such file or directory
2019-11-10 12:46:09.232345: E tensorflow/stream_executor/cuda/cuda_driver.cc:318] failed call to cuInit: UNKNOWN ERROR (303)
2019-11-10 12:46:09.232366: I tensorflow/stream_executor/cuda/cuda_diagnostics.cc:156] kernel driver does not appear to be running on this host (rc7): /proc/driver/nvidia/version does not exist
2019-11-10 12:46:09.232573: I tensorflow/core/platform/cpu_feature_guard.cc:142] Your CPU supports instructions that this TensorFlow binary was not compiled to use: AVX2 AVX512F FMA
2019-11-10 12:46:09.251039: I tensorflow/core/platform/profile_utils/cpu_utils.cc:94] CPU Frequency: 2100000000 Hz
2019-11-10 12:46:09.258922: I tensorflow/compiler/xla/service/service.cc:168] XLA service 0x55b7718f3b70 initialized for platform Host (this does not guarantee that XLA will be used). Devices:
2019-11-10 12:46:09.258961: I tensorflow/compiler/xla/service/service.cc:176]   StreamExecutor device (0): Host, Default Version



Moving Average Final Result:
	Total Time: 0s
	RMSE: 8.418452649637075
	MAE: 7.08657621133207
	Hit Ratio: 48.134469696969695%

Naive Final Result:
	Total Time: 0s
	RMSE: 7.744279828846884
	MAE: 5.388541666666667
	Hit Ratio: 48.60795454545455%

RF A Final Result:
	Total Time: 218s
	RMSE: 4.140562981508383
	MAE: 2.835693181818182
	Hit Ratio: 62.5%

RF B Final Result:
	Total Time: 1405s
	RMSE: 4.177122386461223
	MAE: 2.867280303030303
	Hit Ratio: 62.471590909090914%

SVM A Final Result:
	Total Time: 99s
	RMSE: 4.307983941527324
	MAE: 2.904627131941859
	Hit Ratio: 62.62310606060606%

SVM B Final Result:
	Total Time: 932s
	RMSE: 4.590864432266107
	MAE: 3.12847145445209
	Hit Ratio: 60.9375%

LSTM A Final Result:
	Total Time: 1420s
	RMSE: 4.807444485286879
	MAE: 3.3174740304951698
	Hit Ratio: 60.84280303030303%

LSTM B Final Result:
	Total Time: 1456s
	RMSE: 4.784655506052806
	MAE: 3.327810811554082
	Hit Ratio: 61.01325757575757%

GRU A Final Result:
	Total Time: 1433s
	RMSE: 4.725407359061586
	MAE: 3.318956715822093
	Hit Ratio: 60.9659090909091%

GRU B Final Result:
	Total Time: 1455s
	RMSE: 4.82863799703699
	MAE: 3.390477984622968
	Hit Ratio: 60.59659090909091%
(1 of 4) Finished Running with PREDICT_IN_FUTURE 15 in 8723.4451816082 seconds


Moving Average Final Result:
	Total Time: 0s
	RMSE: 8.650673013195508
	MAE: 7.314327355587121
	Hit Ratio: 42.14962121212121%

Naive Final Result:
	Total Time: 0s
	RMSE: 7.705270425940967
	MAE: 5.43030303030303
	Hit Ratio: 43.797348484848484%

RF A Final Result:
	Total Time: 216s
	RMSE: 4.239281870764097
	MAE: 2.9642471590909087
	Hit Ratio: 56.846590909090914%

RF B Final Result:
	Total Time: 1403s
	RMSE: 4.270779885769211
	MAE: 2.9869384469696967
	Hit Ratio: 56.82765151515151%

SVM A Final Result:
	Total Time: 100s
	RMSE: 4.4318539989023344
	MAE: 3.0112706295652227
	Hit Ratio: 57.42424242424242%

SVM B Final Result:
	Total Time: 940s
	RMSE: 4.746363579441703
	MAE: 3.268532467524157
	Hit Ratio: 55.558712121212125%

LSTM A Final Result:
	Total Time: 1418s
	RMSE: 5.013649492311073
	MAE: 3.5708329305200923
	Hit Ratio: 54.94318181818182%

LSTM B Final Result:
	Total Time: 1432s
	RMSE: 4.995069220156516
	MAE: 3.5486375268111288
	Hit Ratio: 55.04734848484849%

GRU A Final Result:
	Total Time: 1452s
	RMSE: 4.869924506437858
	MAE: 3.4514952061422672
	Hit Ratio: 55.53030303030303%

GRU B Final Result:
	Total Time: 1454s
	RMSE: 4.796729351044487
	MAE: 3.394208235625234
	Hit Ratio: 55.454545454545446%
(2 of 4) Finished Running with PREDICT_IN_FUTURE 30 in 8728.144204616547 seconds


Moving Average Final Result:
	Total Time: 0s
	RMSE: 8.873992350897721
	MAE: 7.536624115826701
	Hit Ratio: 47.3285335354301%

Naive Final Result:
	Total Time: 0s
	RMSE: 7.760025947375743
	MAE: 5.4790640394088665
	Hit Ratio: 49.668435013262595%

RF A Final Result:
	Total Time: 217s
	RMSE: 4.409991654544108
	MAE: 3.080348616900341
	Hit Ratio: 65.07199696854869%

RF B Final Result:
	Total Time: 1423s
	RMSE: 4.4479348441788495
	MAE: 3.1081953391436152
	Hit Ratio: 65.01515725653657%

SVM A Final Result:
	Total Time: 101s
	RMSE: 4.5654837560903525
	MAE: 3.1010134662331708
	Hit Ratio: 65.53618794998106%

SVM B Final Result:
	Total Time: 954s
	RMSE: 4.895917214960632
	MAE: 3.3790550324632997
	Hit Ratio: 63.89730958696476%

LSTM A Final Result:
	Total Time: 1422s
	RMSE: 5.181698537792928
	MAE: 3.7394449619795846
	Hit Ratio: 63.09208033345964%

LSTM B Final Result:
	Total Time: 1435s
	RMSE: 5.123462604380047
	MAE: 3.6433072077705413
	Hit Ratio: 63.603637741568775%

GRU A Final Result:
	Total Time: 1440s
	RMSE: 5.177414071594077
	MAE: 3.7415076849876976
	Hit Ratio: 63.1205001894657%

GRU B Final Result:
	Total Time: 1450s
	RMSE: 5.0774090767557
	MAE: 3.6213834616353835
	Hit Ratio: 63.2247063281546%
(3 of 4) Finished Running with PREDICT_IN_FUTURE 45 in 8754.965657234192 seconds


Moving Average Final Result:
	Total Time: 0s
	RMSE: 9.09850214285921
	MAE: 7.758984325659972
	Hit Ratio: 41.30352406214475%

Naive Final Result:
	Total Time: 0s
	RMSE: 8.026825189760673
	MAE: 5.7148541114058355
	Hit Ratio: 43.91815081470254%

RF A Final Result:
	Total Time: 216s
	RMSE: 4.5695893308237405
	MAE: 3.2279698749526338
	Hit Ratio: 59.36907919666541%

RF B Final Result:
	Total Time: 1442s
	RMSE: 4.610013484073688
	MAE: 3.241862447896931
	Hit Ratio: 59.20803334596438%

SVM A Final Result:
	Total Time: 101s
	RMSE: 4.669616363583131
	MAE: 3.186793273795962
	Hit Ratio: 60.089048882152326%

SVM B Final Result:
	Total Time: 963s
	RMSE: 5.011399728034074
	MAE: 3.48952170968009
	Hit Ratio: 58.23228495642289%

LSTM A Final Result:
	Total Time: 1430s
	RMSE: 5.229211157318375
	MAE: 3.7503255102275252
	Hit Ratio: 58.19439181508147%

LSTM B Final Result:
	Total Time: 1444s
	RMSE: 5.194267613718642
	MAE: 3.6780868426075415
	Hit Ratio: 58.93330807123911%

GRU A Final Result:
	Total Time: 1455s
	RMSE: 5.203077109837505
	MAE: 3.705734242544329
	Hit Ratio: 58.33649109511179%

GRU B Final Result:
	Total Time: 1461s
	RMSE: 5.147303231966057
	MAE: 3.6960669298345374
	Hit Ratio: 58.658582796513834%
(4 of 4) Finished Running with PREDICT_IN_FUTURE 60 in 8827.967940568924 seconds


Moving Average Final Result:
	Total Time: 0s
	RMSE: 9.09850214285921
	MAE: 7.758984325659972
	Hit Ratio: 41.30352406214475%

Naive Final Result:
	Total Time: 0s
	RMSE: 8.026825189760673
	MAE: 5.7148541114058355
	Hit Ratio: 43.91815081470254%

RF A Final Result:
	Total Time: 216s
	RMSE: 4.5695893308237405
	MAE: 3.2279698749526338
	Hit Ratio: 59.36907919666541%

RF B Final Result:
	Total Time: 1448s
	RMSE: 4.610013484073688
	MAE: 3.241862447896931
	Hit Ratio: 59.20803334596438%

SVM A Final Result:
	Total Time: 102s
	RMSE: 4.669616363583131
	MAE: 3.186793273795962
	Hit Ratio: 60.089048882152326%

SVM B Final Result:
	Total Time: 965s
	RMSE: 5.011399728034074
	MAE: 3.48952170968009
	Hit Ratio: 58.23228495642289%

LSTM A Final Result:
	Total Time: 1429s
	RMSE: 5.269491525257131
	MAE: 3.796051124904154
	Hit Ratio: 58.05229253505115%

LSTM B Final Result:
	Total Time: 1449s
	RMSE: 5.188291640350997
	MAE: 3.7043576935661218
	Hit Ratio: 58.251231527093594%

GRU A Final Result:
	Total Time: 1437s
	RMSE: 5.183839353659445
	MAE: 3.715819246455739
	Hit Ratio: 58.658582796513834%

GRU B Final Result:
	Total Time: 1439s
	RMSE: 5.164870531781693
	MAE: 3.67621267790574
	Hit Ratio: 58.687002652519894%
(1 of 3) Finished Running with FLOW_INTERVAL 150 in 8802.713375091553 seconds


Moving Average Final Result:
	Total Time: 0s
	RMSE: 16.2286829016262
	MAE: 13.880014993686869
	Hit Ratio: 41.2689393939394%

Naive Final Result:
	Total Time: 0s
	RMSE: 12.494766117768254
	MAE: 9.269507575757576
	Hit Ratio: 47.46212121212121%

RF A Final Result:
	Total Time: 61s
	RMSE: 6.472384786181711
	MAE: 4.594801136363636
	Hit Ratio: 68.29545454545455%

RF B Final Result:
	Total Time: 347s
	RMSE: 6.525826244981804
	MAE: 4.617691287878788
	Hit Ratio: 68.12499999999999%

SVM A Final Result:
	Total Time: 15s
	RMSE: 6.714715367222361
	MAE: 4.705073975985436
	Hit Ratio: 67.1780303030303%

SVM B Final Result:
	Total Time: 122s
	RMSE: 7.361203065770161
	MAE: 5.173216533259641
	Hit Ratio: 64.52651515151516%

LSTM A Final Result:
	Total Time: 365s
	RMSE: 7.356403217017267
	MAE: 5.26218945084309
	Hit Ratio: 65.58712121212122%

LSTM B Final Result:
	Total Time: 369s
	RMSE: 7.246184150112052
	MAE: 5.2090880427114445
	Hit Ratio: 65.75757575757576%

GRU A Final Result:
	Total Time: 371s
	RMSE: 7.3366036998257504
	MAE: 5.253447281882506
	Hit Ratio: 65.51136363636364%

GRU B Final Result:
	Total Time: 377s
	RMSE: 7.106929346589746
	MAE: 5.1403124810252905
	Hit Ratio: 66.34469696969697%
(2 of 3) Finished Running with FLOW_INTERVAL 300 in 2081.396929502487 seconds


Moving Average Final Result:
	Total Time: 0s
	RMSE: 23.233418626009573
	MAE: 19.922292258522727
	Hit Ratio: 40.99431818181818%

Naive Final Result:
	Total Time: 0s
	RMSE: 13.95476915769684
	MAE: 10.499431818181819
	Hit Ratio: 47.52840909090909%

RF A Final Result:
	Total Time: 28s
	RMSE: 8.582620906389394
	MAE: 5.960048295454546
	Hit Ratio: 70.36931818181817%

RF B Final Result:
	Total Time: 148s
	RMSE: 8.543809224863956
	MAE: 5.949159090909091
	Hit Ratio: 71.02272727272727%

SVM A Final Result:
	Total Time: 5s
	RMSE: 9.178108130378757
	MAE: 6.506151273309238
	Hit Ratio: 68.06818181818181%

SVM B Final Result:
	Total Time: 35s
	RMSE: 9.84332489360498
	MAE: 7.134107744966377
	Hit Ratio: 64.74431818181817%

LSTM A Final Result:
	Total Time: 168s
	RMSE: 9.976242799265972
	MAE: 7.162115535004572
	Hit Ratio: 65.82386363636363%

LSTM B Final Result:
	Total Time: 170s
	RMSE: 9.929533327138016
	MAE: 7.263325513975524
	Hit Ratio: 65.71022727272727%

GRU A Final Result:
	Total Time: 174s
	RMSE: 9.993320314076529
	MAE: 7.228125792098317
	Hit Ratio: 65.71022727272727%

GRU B Final Result:
	Total Time: 170s
	RMSE: 9.444052803856724
	MAE: 6.921731794540856
	Hit Ratio: 66.13636363636364%
(3 of 3) Finished Running with FLOW_INTERVAL 450 in 924.1566700935364 seconds


Moving Average Final Result:
	Total Time: 0s
	RMSE: 6.48557687028385
	MAE: 4.842294498992951
	Hit Ratio: 47.64916918429003%

Naive Final Result:
	Total Time: 0s
	RMSE: 8.120538413800077
	MAE: 5.8543240181268885
	Hit Ratio: 44.99622356495468%

RF A Final Result:
	Total Time: 27s
	RMSE: 5.08985238029872
	MAE: 3.737735778542725
	Hit Ratio: 58.04380664652569%

RF B Final Result:
	Total Time: 158s
	RMSE: 5.069008576582737
	MAE: 3.7196515174850573
	Hit Ratio: 58.317598187311184%

SVM A Final Result:
	Total Time: 26s
	RMSE: 5.230289941337866
	MAE: 3.5449755915531336
	Hit Ratio: 57.722809667673715%

SVM B Final Result:
	Total Time: 120s
	RMSE: 5.412994696942434
	MAE: 3.7360371631749967
	Hit Ratio: 57.118580060422964%

LSTM A Final Result:
	Total Time: 205s
	RMSE: 5.675922201751596
	MAE: 4.253687681473393
	Hit Ratio: 55.87235649546828%

LSTM B Final Result:
	Total Time: 208s
	RMSE: 5.4970178806115015
	MAE: 4.076988623047028
	Hit Ratio: 57.69448640483383%

GRU A Final Result:
	Total Time: 208s
	RMSE: 5.4132036936766985
	MAE: 4.011556204208637
	Hit Ratio: 57.33572507552871%

GRU B Final Result:
	Total Time: 215s
	RMSE: 5.364208859264658
	MAE: 3.9507598056094975
	Hit Ratio: 58.35536253776436%
(1 of 4) Finished Running with SEEABLE_PAST 60 in 1218.6671228408813 seconds


Moving Average Final Result:
	Total Time: 0s
	RMSE: 6.836443386701546
	MAE: 5.23052878558831
	Hit Ratio: 44.73733938019653%

Naive Final Result:
	Total Time: 0s
	RMSE: 8.102169519869983
	MAE: 5.828892668178383
	Hit Ratio: 44.83182161753591%

RF A Final Result:
	Total Time: 52s
	RMSE: 4.9108016809882535
	MAE: 3.5552925901003967
	Hit Ratio: 59.221466364323504%

RF B Final Result:
	Total Time: 320s
	RMSE: 4.9188255240859124
	MAE: 3.558771457628305
	Hit Ratio: 59.334845049130756%

SVM A Final Result:
	Total Time: 37s
	RMSE: 5.118333715141905
	MAE: 3.430201650103505
	Hit Ratio: 58.78684807256236%

SVM B Final Result:
	Total Time: 238s
	RMSE: 5.318050069791228
	MAE: 3.641790237916851
	Hit Ratio: 57.55857898715042%

LSTM A Final Result:
	Total Time: 379s
	RMSE: 5.602459509760043
	MAE: 4.163377270049001
	Hit Ratio: 57.03892668178383%

LSTM B Final Result:
	Total Time: 384s
	RMSE: 5.463403831210626
	MAE: 4.023857180735917
	Hit Ratio: 58.56009070294784%

GRU A Final Result:
	Total Time: 396s
	RMSE: 5.417957627179964
	MAE: 3.9993261594398515
	Hit Ratio: 57.77588813303098%

GRU B Final Result:
	Total Time: 396s
	RMSE: 5.322736377216534
	MAE: 3.8540943106171803
	Hit Ratio: 58.97581254724111%
(2 of 4) Finished Running with SEEABLE_PAST 120 in 2291.258298397064 seconds


Moving Average Final Result:
	Total Time: 0s
	RMSE: 7.626714217856618
	MAE: 6.120222083018154
	Hit Ratio: 42.256051437216335%

Naive Final Result:
	Total Time: 0s
	RMSE: 8.065451902812583
	MAE: 5.780540847201211
	Hit Ratio: 44.619894099848715%

RF A Final Result:
	Total Time: 104s
	RMSE: 4.741403358779887
	MAE: 3.325132486009548
	Hit Ratio: 59.57829046898638%

RF B Final Result:
	Total Time: 668s
	RMSE: 4.766138602851149
	MAE: 3.350391225506423
	Hit Ratio: 59.2946293494705%

SVM A Final Result:
	Total Time: 59s
	RMSE: 5.01594085292469
	MAE: 3.3352901237792136
	Hit Ratio: 59.30408472012103%

SVM B Final Result:
	Total Time: 483s
	RMSE: 5.129554757036807
	MAE: 3.547381868185294
	Hit Ratio: 58.386913767019664%

LSTM A Final Result:
	Total Time: 763s
	RMSE: 5.409422687228268
	MAE: 3.891100395890728
	Hit Ratio: 58.178895612708025%

LSTM B Final Result:
	Total Time: 772s
	RMSE: 5.343593296935381
	MAE: 3.845710510531731
	Hit Ratio: 58.42473524962178%

GRU A Final Result:
	Total Time: 786s
	RMSE: 5.2300927358551
	MAE: 3.7387111896885705
	Hit Ratio: 58.83131618759455%

GRU B Final Result:
	Total Time: 780s
	RMSE: 5.221552610963721
	MAE: 3.6673578506838616
	Hit Ratio: 59.32299546142208%
(3 of 4) Finished Running with SEEABLE_PAST 240 in 4584.964596986771 seconds


Moving Average Final Result:
	Total Time: 0s
	RMSE: 9.09850214285921
	MAE: 7.758984325659972
	Hit Ratio: 41.30352406214475%

Naive Final Result:
	Total Time: 0s
	RMSE: 8.026825189760673
	MAE: 5.7148541114058355
	Hit Ratio: 43.91815081470254%

RF A Final Result:
	Total Time: 216s
	RMSE: 4.5695893308237405
	MAE: 3.2279698749526338
	Hit Ratio: 59.36907919666541%

RF B Final Result:
	Total Time: 1446s
	RMSE: 4.610013484073688
	MAE: 3.241862447896931
	Hit Ratio: 59.20803334596438%

SVM A Final Result:
	Total Time: 102s
	RMSE: 4.669616363583131
	MAE: 3.186793273795962
	Hit Ratio: 60.089048882152326%

SVM B Final Result:
	Total Time: 966s
	RMSE: 5.011399728034074
	MAE: 3.48952170968009
	Hit Ratio: 58.23228495642289%

LSTM A Final Result:
	Total Time: 1440s
	RMSE: 5.260167812825283
	MAE: 3.8163877216391136
	Hit Ratio: 57.68283440697234%

LSTM B Final Result:
	Total Time: 1445s
	RMSE: 5.220308750016014
	MAE: 3.713324347457292
	Hit Ratio: 58.32701780977643%

GRU A Final Result:
	Total Time: 1459s
	RMSE: 5.191252850129937
	MAE: 3.6912206058669588
	Hit Ratio: 58.393330807123924%

GRU B Final Result:
	Total Time: 1482s
	RMSE: 5.08748404839789
	MAE: 3.573545686027523
	Hit Ratio: 59.11330049261083%
(4 of 4) Finished Running with SEEABLE_PAST 480 in 8877.677801847458 seconds


Moving Average Final Result:
	Total Time: 0s
	RMSE: 9.596138825088502
	MAE: 8.200228246968548
	Hit Ratio: 41.17089806744979%

Naive Final Result:
	Total Time: 0s
	RMSE: 9.413066269669832
	MAE: 6.754357711254263
	Hit Ratio: 42.857142857142854%

RF A Final Result:
	Total Time: 253s
	RMSE: 4.924026126920729
	MAE: 3.4622063281546045
	Hit Ratio: 57.76809397499053%

RF B Final Result:
	Total Time: 1910s
	RMSE: 4.997767225041133
	MAE: 3.51464096248579
	Hit Ratio: 57.76809397499053%

SVM A Final Result:
	Total Time: 597s
	RMSE: 4.836831996261375
	MAE: 3.2523122333239414
	Hit Ratio: 60.089048882152326%

SVM B Final Result:
	Total Time: 3840s
	RMSE: 5.205398271976859
	MAE: 3.669245192074459
	Hit Ratio: 57.34179613489958%

LSTM A Final Result:
	Total Time: 1443s
	RMSE: 6.418057898594875
	MAE: 4.702641112288773
	Hit Ratio: 55.03978779840849%

LSTM B Final Result:
	Total Time: 1462s
	RMSE: 6.412538256037931
	MAE: 4.6783893452480845
	Hit Ratio: 55.0587343690792%

GRU A Final Result:
	Total Time: 1467s
	RMSE: 6.366049900245976
	MAE: 4.605453479445005
	Hit Ratio: 55.89238347859038%

GRU B Final Result:
	Total Time: 1448s
	RMSE: 6.545803425333471
	MAE: 4.69739197341174
	Hit Ratio: 56.06290261462675%
(1 of 4) Finished Running with N_SPLITS 1 in 13522.585267543793 seconds


Moving Average Final Result:
	Total Time: 0s
	RMSE: 9.399775125481735
	MAE: 8.022544938897308
	Hit Ratio: 41.218264494126565%

Naive Final Result:
	Total Time: 0s
	RMSE: 8.492344952160503
	MAE: 6.027377794619174
	Hit Ratio: 42.85714285714286%

RF A Final Result:
	Total Time: 233s
	RMSE: 4.46987170309805
	MAE: 3.1226051534672226
	Hit Ratio: 59.09435392194013%

RF B Final Result:
	Total Time: 1650s
	RMSE: 4.504010643555213
	MAE: 3.142498105342933
	Hit Ratio: 59.065934065934066%

SVM A Final Result:
	Total Time: 205s
	RMSE: 4.555363640110471
	MAE: 3.0891936341277795
	Hit Ratio: 60.26904130352406%

SVM B Final Result:
	Total Time: 1930s
	RMSE: 4.9121198909017725
	MAE: 3.381044547699183
	Hit Ratio: 58.21333838575218%

LSTM A Final Result:
	Total Time: 1444s
	RMSE: 5.251898518007498
	MAE: 3.7478216828036572
	Hit Ratio: 56.88707843880258%

LSTM B Final Result:
	Total Time: 1467s
	RMSE: 5.1977034992177025
	MAE: 3.728955340531117
	Hit Ratio: 57.521788556271325%

GRU A Final Result:
	Total Time: 1452s
	RMSE: 5.312394996858529
	MAE: 3.830660170744208
	Hit Ratio: 57.228116710875334%

GRU B Final Result:
	Total Time: 1489s
	RMSE: 5.190895451888315
	MAE: 3.708156083555565
	Hit Ratio: 57.80598711633195%
(2 of 4) Finished Running with N_SPLITS 2 in 10463.893311023712 seconds


Moving Average Final Result:
	Total Time: 0s
	RMSE: 9.09850214285921
	MAE: 7.758984325659972
	Hit Ratio: 41.30352406214475%

Naive Final Result:
	Total Time: 0s
	RMSE: 8.026825189760673
	MAE: 5.7148541114058355
	Hit Ratio: 43.91815081470254%

RF A Final Result:
	Total Time: 216s
	RMSE: 4.5695893308237405
	MAE: 3.2279698749526338
	Hit Ratio: 59.36907919666541%

RF B Final Result:
	Total Time: 1448s
	RMSE: 4.610013484073688
	MAE: 3.241862447896931
	Hit Ratio: 59.20803334596438%

SVM A Final Result:
	Total Time: 101s
	RMSE: 4.669616363583131
	MAE: 3.186793273795962
	Hit Ratio: 60.089048882152326%

SVM B Final Result:
	Total Time: 966s
	RMSE: 5.011399728034074
	MAE: 3.48952170968009
	Hit Ratio: 58.23228495642289%

LSTM A Final Result:
	Total Time: 1444s
	RMSE: 5.239512906084358
	MAE: 3.755205426303025
	Hit Ratio: 58.43122394846533%

LSTM B Final Result:
	Total Time: 1469s
	RMSE: 5.26186560674023
	MAE: 3.7439130092686934
	Hit Ratio: 58.28912466843501%

GRU A Final Result:
	Total Time: 1492s
	RMSE: 5.137771501624564
	MAE: 3.650022072703431
	Hit Ratio: 59.04698749526336%

GRU B Final Result:
	Total Time: 1481s
	RMSE: 5.218475020888648
	MAE: 3.768680365192914
	Hit Ratio: 57.550208412277385%
(3 of 4) Finished Running with N_SPLITS 4 in 8941.440884828568 seconds


Moving Average Final Result:
	Total Time: 0s
	RMSE: 9.044324108857246
	MAE: 7.757908183396465
	Hit Ratio: 40.11363636363636%

Naive Final Result:
	Total Time: 0s
	RMSE: 7.86344222053503
	MAE: 5.606439393939394
	Hit Ratio: 42.65151515151515%

RF A Final Result:
	Total Time: 202s
	RMSE: 4.439444144432491
	MAE: 3.1584100378787876
	Hit Ratio: 57.54734848484849%

RF B Final Result:
	Total Time: 1273s
	RMSE: 4.508532510284957
	MAE: 3.2252878787878787
	Hit Ratio: 57.34848484848485%

SVM A Final Result:
	Total Time: 51s
	RMSE: 4.556173462247079
	MAE: 3.1753433303071326
	Hit Ratio: 57.840909090909086%

SVM B Final Result:
	Total Time: 479s
	RMSE: 5.030411457571949
	MAE: 3.603687535937601
	Hit Ratio: 55.464015151515156%

LSTM A Final Result:
	Total Time: 1458s
	RMSE: 5.123990883991949
	MAE: 3.7097870786413267
	Hit Ratio: 56.30681818181817%

LSTM B Final Result:
	Total Time: 1476s
	RMSE: 4.9966173298171555
	MAE: 3.5567315414773697
	Hit Ratio: 56.84659090909092%

GRU A Final Result:
	Total Time: 1497s
	RMSE: 5.143404423174874
	MAE: 3.7196674697817245
	Hit Ratio: 55.73863636363636%

GRU B Final Result:
	Total Time: 1488s
	RMSE: 4.963041441506823
	MAE: 3.5484038134973326
	Hit Ratio: 57.01704545454545%
(4 of 4) Finished Running with N_SPLITS 8 in 8118.361193180084 seconds
